[INFO  2023-08-14T21:26:37,912 net.lightbody.bmp.proxy.Main] (main) Starting BrowserMob Proxy version 2.1.4 
[INFO  2023-08-14T21:26:37,988 org.eclipse.jetty.util.log] (main) jetty-7.x.y-SNAPSHOT 
[INFO  2023-08-14T21:26:38,372 org.eclipse.jetty.util.log] (main) started o.e.j.s.ServletContextHandler{/,null} 
[INFO  2023-08-14T21:26:38,648 org.eclipse.jetty.util.log] (main) Started SelectChannelConnector@0.0.0.0:8090 
[INFO  2023-08-14T21:26:40,819 org.littleshoot.proxy.impl.DefaultHttpProxyServer] (qtp664186542-19) Starting proxy at address: 0.0.0.0/0.0.0.0:8091 
[INFO  2023-08-14T21:26:40,864 org.littleshoot.proxy.impl.DefaultHttpProxyServer] (qtp664186542-19) Proxy listening with TCP transport 
[INFO  2023-08-14T21:26:41,725 org.littleshoot.proxy.impl.DefaultHttpProxyServer] (qtp664186542-19) Proxy started at address: /0:0:0:0:0:0:0:0:8091 
[WARN  2023-08-14T21:26:44,325 net.lightbody.bmp.mitm.util.SslUtil] (LittleProxy-0-ClientToProxyWorker-0) Disabling upstream server certificate verification. This will allow attackers to intercept communications with upstream servers. 
[INFO  2023-08-14T21:26:49,686 org.littleshoot.proxy.impl.ClientToProxyConnection] (LittleProxy-0-ClientToProxyWorker-0) (AWAITING_INITIAL) [id: 0xa9759997, L:/0:0:0:0:0:0:0:1:8091 - R:/0:0:0:0:0:0:0:1:52012]: An IOException occurred on ClientToProxyConnection: Удаленный хост принудительно разорвал существующее подключение 
[INFO  2023-08-14T21:26:49,686 org.littleshoot.proxy.impl.ClientToProxyConnection] (LittleProxy-0-ClientToProxyWorker-4) (AWAITING_INITIAL) [id: 0x48b0a995, L:/0:0:0:0:0:0:0:1:8091 - R:/0:0:0:0:0:0:0:1:52033]: An IOException occurred on ClientToProxyConnection: Удаленный хост принудительно разорвал существующее подключение 
[INFO  2023-08-14T21:26:49,689 org.littleshoot.proxy.impl.ClientToProxyConnection] (LittleProxy-0-ClientToProxyWorker-1) (AWAITING_INITIAL) [id: 0xe0da8eeb, L:/0:0:0:0:0:0:0:1:8091 - R:/0:0:0:0:0:0:0:1:52014]: An IOException occurred on ClientToProxyConnection: Удаленный хост принудительно разорвал существующее подключение 
[INFO  2023-08-14T21:26:49,692 org.littleshoot.proxy.impl.ClientToProxyConnection] (LittleProxy-0-ClientToProxyWorker-4) (AWAITING_INITIAL) [id: 0x573b541f, L:/0:0:0:0:0:0:0:1:8091 - R:/0:0:0:0:0:0:0:1:52020]: An IOException occurred on ClientToProxyConnection: Удаленный хост принудительно разорвал существующее подключение 
[INFO  2023-08-14T21:26:49,693 org.littleshoot.proxy.impl.ClientToProxyConnection] (LittleProxy-0-ClientToProxyWorker-3) (AWAITING_INITIAL) [id: 0x510f84fb, L:/0:0:0:0:0:0:0:1:8091 - R:/0:0:0:0:0:0:0:1:52032]: An IOException occurred on ClientToProxyConnection: Удаленный хост принудительно разорвал существующее подключение 
[INFO  2023-08-14T21:26:49,695 org.littleshoot.proxy.impl.ClientToProxyConnection] (LittleProxy-0-ClientToProxyWorker-3) (AWAITING_INITIAL) [id: 0x90d9b699, L:/0:0:0:0:0:0:0:1:8091 - R:/0:0:0:0:0:0:0:1:52019]: An IOException occurred on ClientToProxyConnection: Удаленный хост принудительно разорвал существующее подключение 
[INFO  2023-08-14T21:26:49,695 org.littleshoot.proxy.impl.ClientToProxyConnection] (LittleProxy-0-ClientToProxyWorker-1) (AWAITING_INITIAL) [id: 0xaecd1379, L:/0:0:0:0:0:0:0:1:8091 - R:/0:0:0:0:0:0:0:1:52046]: An IOException occurred on ClientToProxyConnection: Удаленный хост принудительно разорвал существующее подключение 
[INFO  2023-08-14T21:26:49,697 org.littleshoot.proxy.impl.ClientToProxyConnection] (LittleProxy-0-ClientToProxyWorker-2) (AWAITING_INITIAL) [id: 0x8301038f, L:/0:0:0:0:0:0:0:1:8091 - R:/0:0:0:0:0:0:0:1:52017]: An IOException occurred on ClientToProxyConnection: Удаленный хост принудительно разорвал существующее подключение 
[INFO  2023-08-14T21:26:49,697 org.littleshoot.proxy.impl.ClientToProxyConnection] (LittleProxy-0-ClientToProxyWorker-7) (AWAITING_INITIAL) [id: 0x8ea731aa, L:/0:0:0:0:0:0:0:1:8091 - R:/0:0:0:0:0:0:0:1:52026]: An IOException occurred on ClientToProxyConnection: Удаленный хост принудительно разорвал существующее подключение 
[INFO  2023-08-14T21:26:49,698 org.littleshoot.proxy.impl.ClientToProxyConnection] (LittleProxy-0-ClientToProxyWorker-5) (AWAITING_INITIAL) [id: 0x486a0e44, L:/0:0:0:0:0:0:0:1:8091 - R:/0:0:0:0:0:0:0:1:52021]: An IOException occurred on ClientToProxyConnection: Удаленный хост принудительно разорвал существующее подключение 
[INFO  2023-08-14T21:26:49,701 org.littleshoot.proxy.impl.ClientToProxyConnection] (LittleProxy-0-ClientToProxyWorker-6) (AWAITING_INITIAL) [id: 0xc226a3ef, L:/0:0:0:0:0:0:0:1:8091 - R:/0:0:0:0:0:0:0:1:52022]: An IOException occurred on ClientToProxyConnection: Удаленный хост принудительно разорвал существующее подключение 
[INFO  2023-08-14T21:26:49,701 org.littleshoot.proxy.impl.ClientToProxyConnection] (LittleProxy-0-ClientToProxyWorker-5) (AWAITING_INITIAL) [id: 0x3cc86cd5, L:/0:0:0:0:0:0:0:1:8091 - R:/0:0:0:0:0:0:0:1:52039]: An IOException occurred on ClientToProxyConnection: Удаленный хост принудительно разорвал существующее подключение 
[INFO  2023-08-14T21:26:49,702 org.littleshoot.proxy.impl.ClientToProxyConnection] (LittleProxy-0-ClientToProxyWorker-6) (AWAITING_INITIAL) [id: 0xda15a7a7, L:/0:0:0:0:0:0:0:1:8091 - R:/0:0:0:0:0:0:0:1:52042]: An IOException occurred on ClientToProxyConnection: Удаленный хост принудительно разорвал существующее подключение 
[INFO  2023-08-14T21:26:49,702 org.littleshoot.proxy.impl.ClientToProxyConnection] (LittleProxy-0-ClientToProxyWorker-3) (AWAITING_INITIAL) [id: 0x6a70177e, L:/0:0:0:0:0:0:0:1:8091 - R:/0:0:0:0:0:0:0:1:52049]: An IOException occurred on ClientToProxyConnection: Удаленный хост принудительно разорвал существующее подключение 
[INFO  2023-08-14T21:26:49,704 org.littleshoot.proxy.impl.ClientToProxyConnection] (LittleProxy-0-ClientToProxyWorker-2) (AWAITING_INITIAL) [id: 0xd01970cc, L:/0:0:0:0:0:0:0:1:8091 - R:/0:0:0:0:0:0:0:1:52031]: An IOException occurred on ClientToProxyConnection: Удаленный хост принудительно разорвал существующее подключение 
[INFO  2023-08-14T21:26:49,704 org.littleshoot.proxy.impl.ClientToProxyConnection] (LittleProxy-0-ClientToProxyWorker-1) (AWAITING_INITIAL) [id: 0xfe7ea5e1, L:/0:0:0:0:0:0:0:1:8091 - R:/0:0:0:0:0:0:0:1:52030]: An IOException occurred on ClientToProxyConnection: Удаленный хост принудительно разорвал существующее подключение 
[INFO  2023-08-14T21:26:49,705 org.littleshoot.proxy.impl.ClientToProxyConnection] (LittleProxy-0-ClientToProxyWorker-0) (AWAITING_INITIAL) [id: 0x08b1815c, L:/0:0:0:0:0:0:0:1:8091 - R:/0:0:0:0:0:0:0:1:52029]: An IOException occurred on ClientToProxyConnection: Удаленный хост принудительно разорвал существующее подключение 
[INFO  2023-08-14T21:26:49,705 org.littleshoot.proxy.impl.ClientToProxyConnection] (LittleProxy-0-ClientToProxyWorker-7) (AWAITING_INITIAL) [id: 0x370e6a0f, L:/0:0:0:0:0:0:0:1:8091 - R:/0:0:0:0:0:0:0:1:52044]: An IOException occurred on ClientToProxyConnection: Удаленный хост принудительно разорвал существующее подключение 
[INFO  2023-08-14T21:26:49,706 org.littleshoot.proxy.impl.ClientToProxyConnection] (LittleProxy-0-ClientToProxyWorker-2) (AWAITING_INITIAL) [id: 0x487b3322, L:/0:0:0:0:0:0:0:1:8091 - R:/0:0:0:0:0:0:0:1:52047]: An IOException occurred on ClientToProxyConnection: Удаленный хост принудительно разорвал существующее подключение 
[INFO  2023-08-14T21:26:49,706 org.littleshoot.proxy.impl.ClientToProxyConnection] (LittleProxy-0-ClientToProxyWorker-0) (AWAITING_INITIAL) [id: 0xd5ca8a5c, L:/0:0:0:0:0:0:0:1:8091 - R:/0:0:0:0:0:0:0:1:52045]: An IOException occurred on ClientToProxyConnection: Удаленный хост принудительно разорвал существующее подключение 
[INFO  2023-08-14T21:26:49,707 org.littleshoot.proxy.impl.ClientToProxyConnection] (LittleProxy-0-ClientToProxyWorker-4) (AWAITING_INITIAL) [id: 0x16ce3acf, L:/0:0:0:0:0:0:0:1:8091 - R:/0:0:0:0:0:0:0:1:52050]: An IOException occurred on ClientToProxyConnection: Удаленный хост принудительно разорвал существующее подключение 
[INFO  2023-08-14T21:26:49,707 org.littleshoot.proxy.impl.ClientToProxyConnection] (LittleProxy-0-ClientToProxyWorker-5) (AWAITING_INITIAL) [id: 0x2d706c59, L:/0:0:0:0:0:0:0:1:8091 - R:/0:0:0:0:0:0:0:1:52051]: An IOException occurred on ClientToProxyConnection: Удаленный хост принудительно разорвал существующее подключение 
[INFO  2023-08-14T21:26:49,708 org.littleshoot.proxy.impl.ClientToProxyConnection] (LittleProxy-0-ClientToProxyWorker-6) (AWAITING_INITIAL) [id: 0x1beb32e6, L:/0:0:0:0:0:0:0:1:8091 - R:/0:0:0:0:0:0:0:1:52052]: An IOException occurred on ClientToProxyConnection: Удаленный хост принудительно разорвал существующее подключение 
[INFO  2023-08-14T21:26:49,708 org.littleshoot.proxy.impl.ClientToProxyConnection] (LittleProxy-0-ClientToProxyWorker-7) (AWAITING_INITIAL) [id: 0x0baaf509, L:/0:0:0:0:0:0:0:1:8091 - R:/0:0:0:0:0:0:0:1:52054]: An IOException occurred on ClientToProxyConnection: Удаленный хост принудительно разорвал существующее подключение 
[INFO  2023-08-14T21:26:49,709 org.littleshoot.proxy.impl.ClientToProxyConnection] (LittleProxy-0-ClientToProxyWorker-1) (AWAITING_INITIAL) [id: 0xd3c8106e, L:/0:0:0:0:0:0:0:1:8091 - R:/0:0:0:0:0:0:0:1:52056]: An IOException occurred on ClientToProxyConnection: Удаленный хост принудительно разорвал существующее подключение 
[INFO  2023-08-14T21:26:49,709 org.littleshoot.proxy.impl.ClientToProxyConnection] (LittleProxy-0-ClientToProxyWorker-0) (AWAITING_INITIAL) [id: 0xb8b3d01a, L:/0:0:0:0:0:0:0:1:8091 - R:/0:0:0:0:0:0:0:1:52055]: An IOException occurred on ClientToProxyConnection: Удаленный хост принудительно разорвал существующее подключение 
[INFO  2023-08-14T21:26:49,709 org.littleshoot.proxy.impl.ClientToProxyConnection] (LittleProxy-0-ClientToProxyWorker-2) (AWAITING_INITIAL) [id: 0x68db9dc6, L:/0:0:0:0:0:0:0:1:8091 - R:/0:0:0:0:0:0:0:1:52057]: An IOException occurred on ClientToProxyConnection: Удаленный хост принудительно разорвал существующее подключение 
[INFO  2023-08-14T21:26:49,710 org.littleshoot.proxy.impl.ClientToProxyConnection] (LittleProxy-0-ClientToProxyWorker-4) (AWAITING_INITIAL) [id: 0x3fff463f, L:/0:0:0:0:0:0:0:1:8091 - R:/0:0:0:0:0:0:0:1:52075]: An IOException occurred on ClientToProxyConnection: Удаленный хост принудительно разорвал существующее подключение 
[INFO  2023-08-14T21:26:49,710 org.littleshoot.proxy.impl.ClientToProxyConnection] (LittleProxy-0-ClientToProxyWorker-5) (AWAITING_INITIAL) [id: 0x50089292, L:/0:0:0:0:0:0:0:1:8091 - R:/0:0:0:0:0:0:0:1:52077]: An IOException occurred on ClientToProxyConnection: Удаленный хост принудительно разорвал существующее подключение 
[INFO  2023-08-14T21:26:49,710 org.littleshoot.proxy.impl.ClientToProxyConnection] (LittleProxy-0-ClientToProxyWorker-3) (AWAITING_INITIAL) [id: 0x2497fcef, L:/0:0:0:0:0:0:0:1:8091 - R:/0:0:0:0:0:0:0:1:52058]: An IOException occurred on ClientToProxyConnection: Удаленный хост принудительно разорвал существующее подключение 
